<?xml version="1.0" encoding="UTF-8"?>
<testng-results skipped="0" failed="0" ignored="1" total="2" passed="1">
  <reporter-output>
  </reporter-output>
  <suite name="suite" duration-ms="2997" started-at="2021-04-15T01:05:15Z" finished-at="2021-04-15T01:05:18Z">
    <groups>
      <group name="smoke">
        <method signature="SeleniumCode.anotherTest(java.lang.String)[pri:0, instance:com.test.SeleniumCode@73f792cf]" name="anotherTest" class="com.test.SeleniumCode"/>
      </group> <!-- smoke -->
    </groups>
    <test name="randomTest" duration-ms="2997" started-at="2021-04-15T01:05:15Z" finished-at="2021-04-15T01:05:18Z">
      <class name="com.test.SeleniumCode">
        <test-method status="PASS" signature="anotherTest(java.lang.String)[pri:0, instance:com.test.SeleniumCode@73f792cf]" name="anotherTest" duration-ms="2970" started-at="2021-04-15T01:05:15Z" finished-at="2021-04-15T01:05:18Z">
          <params>
            <param index="0">
              <value>
                <![CDATA[chrome]]>
              </value>
            </param>
          </params>
          <reporter-output>
          </reporter-output>
        </test-method> <!-- anotherTest -->
      </class> <!-- com.test.SeleniumCode -->
    </test> <!-- randomTest -->
  </suite> <!-- suite -->
</testng-results>
